admin 2023-01-27T09:52:22.749084700
admin 2023-01-27T09:52:23.025998200
admin 2023-01-27T09:52:23.242072700
admin 2023-01-27T09:52:23.427575400
admin 2023-01-27T09:52:23.619063800
admin 2023-01-27T09:52:43.170846300
null 2023-01-27T09:52:49.676186900
suna 2023-01-27T09:52:56.151213600
suna 2023-01-27T10:17:54.922211
suna 2023-01-27T10:17:55.553209
suna 2023-01-27T10:18:01.865414800
suna 2023-01-27T10:18:02.399414300
suna 2023-01-27T10:18:02.608502400
suna 2023-01-27T10:18:02.839324700
suna 2023-01-27T10:18:03.063400300
suna 2023-01-27T10:18:03.297601800
suna 2023-01-27T10:25:35.071634700
suna 2023-01-27T10:33:21.168764
suna 2023-01-27T10:33:56.438916400
suna 2023-01-27T10:34:24.703162300
suna 2023-01-27T10:35:12.218571
suna 2023-01-27T10:36:10.390649500
suna 2023-01-27T10:36:36.869220600
suna 2023-01-27T10:39:17.518928800
suna 2023-01-27T10:41:14.111185600
suna 2023-01-27T10:41:14.645702700
suna 2023-01-27T10:41:21.705929900
suna 2023-01-27T10:44:49.864873800
suna 2023-01-27T10:45:12.599270700
suna 2023-01-27T10:48:07.916198
suna 2023-01-27T10:49:06.748077400
suna 2023-01-27T10:49:38.532238200
suna 2023-01-27T10:50:40.291778100
suna 2023-01-27T10:51:25.761409
suna 2023-01-27T10:51:32.610686
suna 2023-01-27T10:51:41.428383500
suna 2023-01-27T10:52:00.180376
suna 2023-01-27T10:53:55.163351800
suna 2023-01-27T10:54:22.402320500
suna 2023-01-27T10:58:11.985093700
suna 2023-01-27T11:00:44.751494500
suna 2023-01-27T11:01:10.108397
suna 2023-01-27T11:04:11.782863400
suna 2023-01-27T11:04:29.052007700
suna 2023-01-27T11:04:45.619440400
suna 2023-01-27T11:04:46.154963700
suna 2023-01-27T11:04:51.508311100
suna 2023-01-27T11:05:02.563421800
suna 2023-01-27T11:05:12.532118700
suna 2023-01-27T11:05:22.732375500
suna 2023-01-27T11:08:09.648100700
suna 2023-01-27T11:08:16.096712400
suna 2023-01-27T11:10:28.603328400
suna 2023-01-27T11:11:01.962193900
suna 2023-01-27T11:12:17.231579600
suna 2023-01-27T11:13:03.964090900
suna 2023-01-27T11:16:01.174163400
suna 2023-01-27T11:16:27.738336900
suna 2023-01-27T11:16:47.234593700
suna 2023-01-27T11:18:32.323692600
suna 2023-01-27T11:18:33.162558
suna 2023-01-27T11:18:52.378471500
suna 2023-01-27T11:19:24.355219
suna 2023-01-27T11:21:14.748030900
suna 2023-01-27T11:21:33.338740700
suna 2023-01-27T11:21:34.924506700
suna 2023-01-27T11:22:05.243308800
suna 2023-01-27T11:22:05.441433
suna 2023-01-27T11:22:05.626059900
suna 2023-01-27T11:22:05.776705800
suna 2023-01-27T11:22:05.937327500
suna 2023-01-27T11:22:06.089424800
suna 2023-01-27T11:26:10.556729300
suna 2023-01-27T11:53:50.225373
suna 2023-01-27T11:54:13.191030300
suna 2023-01-27T11:54:34.414797
suna 2023-01-27T11:58:42.808492600
suna 2023-01-27T12:00:36.250493200
suna 2023-01-27T12:14:04.466478700
suna 2023-01-27T12:20:33.426088700
suna 2023-01-27T12:26:00.422762900
suna 2023-01-27T12:26:59.335831
suna 2023-01-27T12:29:16.310830600
suna 2023-01-27T12:30:10.018584700
suna 2023-01-27T12:30:10.851303400
suna 2023-01-27T12:34:52.393894700
suna 2023-01-27T12:35:30.312459400
suna 2023-01-27T12:38:31.442522900
suna 2023-01-27T12:43:12.259310300
suna 2023-01-27T12:43:42.626476800
suna 2023-01-27T12:44:06.346038400
suna 2023-01-27T12:45:05.524684200
suna 2023-01-27T12:45:29.508123300
suna 2023-01-27T12:46:05.996174500
suna 2023-01-27T12:46:39.618341500
suna 2023-01-27T12:49:37.925946600
suna 2023-01-27T12:50:17.131708600
suna 2023-01-27T12:52:46.848887300
suna 2023-01-27T12:54:32.586152800
suna 2023-01-27T12:55:14.220453
suna 2023-01-27T12:57:11.356455100
suna 2023-01-27T13:04:56.403347400
suna 2023-01-27T13:10:27.120455500
suna 2023-01-27T13:13:26.440504900
suna 2023-01-27T13:13:27.709986700
suna 2023-01-27T13:14:01.262672200
suna 2023-01-27T13:15:15.488529200
null 2023-01-27T14:44:11.264453700
null 2023-01-27T14:44:22.853661
null 2023-01-27T14:46:44.820192600
null 2023-01-27T14:47:38.665435
null 2023-01-27T14:49:00.051482100
null 2023-01-27T14:49:40.868763700
null 2023-01-27T14:49:43.659819800
null 2023-01-27T14:50:02.812430600
null 2023-01-27T14:50:25.068394300
null 2023-01-27T14:50:27.555606
null 2023-01-27T14:50:31.523347400
null 2023-01-27T14:50:47.491511700
admin 2023-01-27T14:55:47.907541300
null 2023-01-27T14:55:53.629767500
suna 2023-01-27T14:55:59.832142900
suna 2023-01-27T15:03:04.199156200
suna 2023-01-27T15:04:01.494076100
suna 2023-01-27T15:07:24.640276400
suna 2023-01-27T15:08:43.226265600
suna 2023-01-27T15:10:09.350520700
suna 2023-01-27T15:10:11.728777
suna 2023-01-27
suna 2023-01-27T15:12:00.737648500
suna 2023-01-27T15:14:32.025071600
suna 2023-01-27T15:15:00.928658100
suna 2023-01-27T15:20:32.654867
suna 2023-01-27T17:51:38.963148200
suna 2023-01-27T17:51:40.952379300
suna 2023-01-27T17:51:41.455296700
suna 2023-01-27T17:51:46.384079100
null 2023-01-27T17:51:49.741480200
admin 2023-01-27T18:21:08.406750600
admin 2023-01-27T18:21:40.227224800
null 2023-01-30T09:50:14.649537500
suna 2023-01-30T09:50:24.851231300
null 2023-01-30T09:50:44.256617800
aaaa 2023-01-30T09:51:36.778478100
jd2221 2023-01-30T10:54:03.181927500
jd2221 2023-01-30T11:03:38.472910700
null 2023-01-30T11:03:50.832794400
null 2023-01-30T11:03:50.982900100
seonah 2023-01-30T11:04:39.353485500
seonah 2023-01-30T11:08:16.504343800
seonah 2023-01-30T11:25:48.127114600
seonah 2023-01-30T11:25:48.270864500
null 2023-01-30T11:47:17.556384100
jd222 2023-01-30T11:47:40.084623800
jd222 2023-01-30T12:41:55.725309600
null 2023-01-30T12:41:59.114437600
admin 2023-01-30T12:48:35.254360600
null 2023-01-30T12:48:38.837542800
suna 2023-01-30T12:48:45.337634200
suna 2023-01-30T12:49:07.937301600
null 2023-01-30T12:49:53.485848500
areum 2023-01-30T12:50:01.349910700
areum 2023-01-30T12:50:29.840537500
null 2023-01-30T14:39:09.703459600
suna 2023-01-30T14:39:16.317940300
suna 2023-01-30T14:39:17.631938100
null 2023-01-30T15:27:49.542323800
admin 2023-01-30T15:47:40.486057400
null 2023-01-30T15:48:15.819926100
suna 2023-01-30T15:48:22.225012300
suna 2023-01-30T15:58:11.919200800
null 2023-01-30T17:26:47.578902100
null 2023-01-30T17:53:13.439012300
null 2023-02-01T09:45:11.499613900
null 2023-02-01T09:45:20.224091600
null 2023-02-01T09:45:24.875062900
null 2023-02-01T09:45:26.818740900
null 2023-02-01T09:45:43.871501400
null 2023-02-01T09:46:10.775869600
null 2023-02-01T09:46:11.067602800
null 2023-02-01T09:46:11.203625200
null 2023-02-01T09:46:21.689151
null 2023-02-01T09:46:45.240757100
null 2023-02-01T09:46:59.356995500
null 2023-02-01T09:48:02.478774300
null 2023-02-01T09:48:24.605822500
suna 2023-02-01T09:48:33.065222400
